0 info it worked if it ends with ok
1 verbose cli [ 'C:\\Program Files\\nodejs\\\\node.exe',
1 verbose cli   'C:\\Program Files\\nodejs\\node_modules\\npm\\bin\\npm-cli.js',
1 verbose cli   'install',
1 verbose cli   'websocket-server' ]
2 info using npm@2.11.3
3 info using node@v0.12.7
4 verbose install initial load of C:\work\Code\package.json
5 verbose installManyTop reading scoped package data from C:\work\Code\node_modules\body-parser\package.json
6 verbose installManyTop reading scoped package data from C:\work\Code\node_modules\connect-busboy\package.json
7 verbose installManyTop reading scoped package data from C:\work\Code\node_modules\cookie-parser\package.json
8 verbose installManyTop reading scoped package data from C:\work\Code\node_modules\debug\package.json
9 verbose installManyTop reading scoped package data from C:\work\Code\node_modules\ejs\package.json
10 verbose installManyTop reading scoped package data from C:\work\Code\node_modules\express\package.json
11 verbose installManyTop reading scoped package data from C:\work\Code\node_modules\express-session\package.json
12 verbose installManyTop reading scoped package data from C:\work\Code\node_modules\formidable\package.json
13 verbose installManyTop reading scoped package data from C:\work\Code\node_modules\jade\package.json
14 verbose installManyTop reading scoped package data from C:\work\Code\node_modules\morgan\package.json
15 verbose installManyTop reading scoped package data from C:\work\Code\node_modules\serialport\package.json
16 verbose installManyTop reading scoped package data from C:\work\Code\node_modules\serve-favicon\package.json
17 verbose installManyTop reading scoped package data from C:\work\Code\node_modules\socket.io\package.json
18 info package.json formidable@1.0.17 No license field.
19 info package.json serialport@1.7.4 No license field.
20 info package.json socket.io@1.3.7 No license field.
21 info package.json connect-busboy@0.0.2 No license field.
22 verbose readDependencies loading dependencies from C:\work\Code\package.json
23 silly cache add args [ 'websocket-server', null ]
24 verbose cache add spec websocket-server
25 silly cache add parsed spec { raw: 'websocket-server',
25 silly cache add   scope: null,
25 silly cache add   name: 'websocket-server',
25 silly cache add   rawSpec: '',
25 silly cache add   spec: '*',
25 silly cache add   type: 'range' }
26 silly addNamed websocket-server@*
27 verbose addNamed "*" is a valid semver range for websocket-server
28 silly addNameRange { name: 'websocket-server', range: '*', hasData: false }
29 silly mapToRegistry name websocket-server
30 silly mapToRegistry using default registry
31 silly mapToRegistry registry https://registry.npmjs.org/
32 silly mapToRegistry uri https://registry.npmjs.org/websocket-server
33 verbose addNameRange registry:https://registry.npmjs.org/websocket-server not in flight; fetching
34 verbose request uri https://registry.npmjs.org/websocket-server
35 verbose request no auth needed
36 info attempt registry request try #1 at 15:23:33
37 verbose request id f656eb9c23223a8d
38 http request GET https://registry.npmjs.org/websocket-server
39 http 404 https://registry.npmjs.org/websocket-server
40 verbose headers { server: 'CouchDB/1.5.0 (Erlang OTP/R16B03)',
40 verbose headers   etag: '"F381D8VP24EBC298S1SXDCCP9"',
40 verbose headers   'content-type': 'application/json',
40 verbose headers   'cache-control': 'max-age=0',
40 verbose headers   'content-length': '1689',
40 verbose headers   'accept-ranges': 'bytes',
40 verbose headers   date: 'Thu, 10 Dec 2015 06:23:26 GMT',
40 verbose headers   via: '1.1 varnish',
40 verbose headers   age: '0',
40 verbose headers   connection: 'keep-alive',
40 verbose headers   'x-served-by': 'cache-nrt6122-NRT',
40 verbose headers   'x-cache': 'MISS',
40 verbose headers   'x-cache-hits': '0',
40 verbose headers   'x-timer': 'S1449728606.694713,VS0,VE120',
40 verbose headers   vary: 'Accept' }
41 silly get cb [ 404,
41 silly get   { server: 'CouchDB/1.5.0 (Erlang OTP/R16B03)',
41 silly get     etag: '"F381D8VP24EBC298S1SXDCCP9"',
41 silly get     'content-type': 'application/json',
41 silly get     'cache-control': 'max-age=0',
41 silly get     'content-length': '1689',
41 silly get     'accept-ranges': 'bytes',
41 silly get     date: 'Thu, 10 Dec 2015 06:23:26 GMT',
41 silly get     via: '1.1 varnish',
41 silly get     age: '0',
41 silly get     connection: 'keep-alive',
41 silly get     'x-served-by': 'cache-nrt6122-NRT',
41 silly get     'x-cache': 'MISS',
41 silly get     'x-cache-hits': '0',
41 silly get     'x-timer': 'S1449728606.694713,VS0,VE120',
41 silly get     vary: 'Accept' } ]
42 verbose stack Error: Registry returned 404 for GET on https://registry.npmjs.org/websocket-server
42 verbose stack     at CachingRegistryClient.<anonymous> (C:\Program Files\nodejs\node_modules\npm\node_modules\npm-registry-client\lib\request.js:239:14)
42 verbose stack     at Request._callback (C:\Program Files\nodejs\node_modules\npm\node_modules\npm-registry-client\lib\request.js:170:14)
42 verbose stack     at Request.self.callback (C:\Program Files\nodejs\node_modules\npm\node_modules\request\request.js:354:22)
42 verbose stack     at Request.emit (events.js:110:17)
42 verbose stack     at Request.<anonymous> (C:\Program Files\nodejs\node_modules\npm\node_modules\request\request.js:1207:14)
42 verbose stack     at Request.emit (events.js:129:20)
42 verbose stack     at IncomingMessage.<anonymous> (C:\Program Files\nodejs\node_modules\npm\node_modules\request\request.js:1153:12)
42 verbose stack     at IncomingMessage.emit (events.js:129:20)
42 verbose stack     at _stream_readable.js:908:16
42 verbose stack     at process._tickCallback (node.js:355:11)
43 verbose statusCode 404
44 verbose pkgid websocket-server
45 verbose cwd C:\work\Code
46 error Windows_NT 6.1.7601
47 error argv "C:\\Program Files\\nodejs\\\\node.exe" "C:\\Program Files\\nodejs\\node_modules\\npm\\bin\\npm-cli.js" "install" "websocket-server"
48 error node v0.12.7
49 error npm  v2.11.3
50 error code E404
51 error 404 Registry returned 404 for GET on https://registry.npmjs.org/websocket-server
51 error 404
51 error 404 'websocket-server' is not in the npm registry.
51 error 404 You should bug the author to publish it (or use the name yourself!)
51 error 404 It was specified as a dependency of 'test-controller'
51 error 404
51 error 404 Note that you can also install from a
51 error 404 tarball, folder, http url, or git url.
52 verbose exit [ 1, true ]
